INFO  time: initialize in 0.36s
INFO  shutting down Metals
INFO  time: initialize in 0.4s
INFO  skipping build import with status 'Requested'
INFO  shutting down Metals
INFO  time: initialize in 0.46s
INFO  skipping build import with status 'Requested'
INFO  shutting down Metals
INFO  time: initialize in 0.4s
INFO  skipping build import with status 'Requested'
INFO  shutting down Metals
INFO  time: initialize in 0.36s
INFO  skipping build import with status 'Requested'
INFO  shutting down Metals
INFO  time: initialize in 0.39s
INFO  skipping build import with status 'Requested'
Dec 05, 2019 1:10:20 PM org.eclipse.lsp4j.jsonrpc.services.GenericEndpoint notify
INFO: Unsupported notification method: $/setTraceNotification
Dec 05, 2019 1:10:21 PM org.eclipse.lsp4j.jsonrpc.services.GenericEndpoint notify
INFO: Unsupported notification method: $/setTraceNotification
Dec 05, 2019 1:10:22 PM org.eclipse.lsp4j.jsonrpc.services.GenericEndpoint notify
INFO: Unsupported notification method: $/setTraceNotification
Dec 05, 2019 1:10:23 PM org.eclipse.lsp4j.jsonrpc.services.GenericEndpoint notify
INFO: Unsupported notification method: $/setTraceNotification
Dec 12, 2019 11:02:34 AM org.eclipse.lsp4j.jsonrpc.services.GenericEndpoint notify
INFO: Unsupported notification method: $/setTraceNotification
INFO  shutting down Metals
INFO  time: initialize in 0.42s
INFO  skipping build import with status 'Requested'
INFO  shutting down Metals
INFO  time: initialize in 0.38s
INFO  skipping build import with status 'Requested'
INFO  time: initialize in 0.34s
INFO  skipping build import with status 'Requested'
INFO  shutting down Metals
